# JRE version: Java(TM) SE Runtime Environment (9.0+181) (build 9+181)
# Java VM: Java HotSpot(TM) 64-Bit Server VM (9+181, mixed mode, tiered, compressed oops, g1 gc, windows-amd64)
Heap:
 garbage-first heap   total 262144K, used 23758K [0x0000000081e00000, 0x0000000081f00800, 0x0000000100000000)
  region size 1024K, 1 young (1024K), 1 survivors (1024K)
 Metaspace       used 6351K, capacity 6502K, committed 6656K, reserved 1056768K
  class space    used 637K, capacity 670K, committed 768K, reserved 1048576K
GC Heap History (9 events):
Event: 0.341 GC heap before
{Heap before GC invocations=0 (full 0):
 garbage-first heap   total 131072K, used 14336K [0x0000000081e00000, 0x0000000081f00400, 0x0000000100000000)
  region size 1024K, 14 young (14336K), 0 survivors (0K)
 Metaspace       used 6335K, capacity 6502K, committed 6656K, reserved 1056768K
  class space    used 637K, capacity 670K, committed 768K, reserved 1048576K
}
Event: 0.343 GC heap after
{Heap after GC invocations=1 (full 0):
 garbage-first heap   total 131072K, used 1128K [0x0000000081e00000, 0x0000000081f00400, 0x0000000100000000)
  region size 1024K, 2 young (2048K), 2 survivors (2048K)
 Metaspace       used 6335K, capacity 6502K, committed 6656K, reserved 1056768K
  class space    used 637K, capacity 670K, committed 768K, reserved 1048576K
}
Event: 0.451 GC heap before
{Heap before GC invocations=1 (full 0):
 garbage-first heap   total 131072K, used 76904K [0x0000000081e00000, 0x0000000081f00400, 0x0000000100000000)
  region size 1024K, 76 young (77824K), 2 survivors (2048K)
 Metaspace       used 6351K, capacity 6502K, committed 6656K, reserved 1056768K
  class space    used 637K, capacity 670K, committed 768K, reserved 1048576K
}
Event: 0.479 GC heap after
{Heap after GC invocations=2 (full 0):
 garbage-first heap   total 131072K, used 19775K [0x0000000081e00000, 0x0000000081f00400, 0x0000000100000000)
  region size 1024K, 10 young (10240K), 10 survivors (10240K)
 Metaspace       used 6351K, capacity 6502K, committed 6656K, reserved 1056768K
  class space    used 637K, capacity 670K, committed 768K, reserved 1048576K
}
Event: 0.509 GC heap before
{Heap before GC invocations=2 (full 0):
 garbage-first heap   total 131072K, used 49471K [0x0000000081e00000, 0x0000000081f00400, 0x0000000100000000)
  region size 1024K, 39 young (39936K), 10 survivors (10240K)
 Metaspace       used 6351K, capacity 6502K, committed 6656K, reserved 1056768K
  class space    used 637K, capacity 670K, committed 768K, reserved 1048576K
}
Event: 0.536 GC heap after
{Heap after GC invocations=3 (full 0):
 garbage-first heap   total 131072K, used 23884K [0x0000000081e00000, 0x0000000081f00400, 0x0000000100000000)
  region size 1024K, 4 young (4096K), 4 survivors (4096K)
 Metaspace       used 6351K, capacity 6502K, committed 6656K, reserved 1056768K
  class space    used 637K, capacity 670K, committed 768K, reserved 1048576K
}
Event: 0.551 GC heap before
{Heap before GC invocations=3 (full 0):
 garbage-first heap   total 131072K, used 25932K [0x0000000081e00000, 0x0000000081f00400, 0x0000000100000000)
  region size 1024K, 6 young (6144K), 4 survivors (4096K)
 Metaspace       used 6351K, capacity 6502K, committed 6656K, reserved 1056768K
  class space    used 637K, capacity 670K, committed 768K, reserved 1048576K
}
Event: 0.556 GC heap after
{Heap after GC invocations=4 (full 0):
 garbage-first heap   total 131072K, used 24363K [0x0000000081e00000, 0x0000000081f00400, 0x0000000100000000)
  region size 1024K, 1 young (1024K), 1 survivors (1024K)
 Metaspace       used 6351K, capacity 6502K, committed 6656K, reserved 1056768K
  class space    used 637K, capacity 670K, committed 768K, reserved 1048576K
}
Event: 0.598 GC heap before
{Heap before GC invocations=4 (full 0):
 garbage-first heap   total 131072K, used 55083K [0x0000000081e00000, 0x0000000081f00400, 0x0000000100000000)
  region size 1024K, 31 young (31744K), 1 survivors (1024K)
 Metaspace       used 6351K, capacity 6502K, committed 6656K, reserved 1056768K
  class space    used 637K, capacity 670K, committed 768K, reserved 1048576K
}

