# JRE version: Java(TM) SE Runtime Environment (9.0+181) (build 9+181)
# Java VM: Java HotSpot(TM) 64-Bit Server VM (9+181, mixed mode, tiered, compressed oops, g1 gc, windows-amd64)
Heap:
 garbage-first heap   total 1104896K, used 359351K [0x0000000081e00000, 0x0000000081f021b8, 0x0000000100000000)
  region size 1024K, 4 young (4096K), 4 survivors (4096K)
 Metaspace       used 6426K, capacity 6582K, committed 6912K, reserved 1056768K
  class space    used 643K, capacity 674K, committed 768K, reserved 1048576K
GC Heap History (10 events):
Event: 38.918 GC heap after
{Heap after GC invocations=27 (full 0):
 garbage-first heap   total 221184K, used 151367K [0x0000000081e00000, 0x0000000081f006c0, 0x0000000100000000)
  region size 1024K, 3 young (3072K), 3 survivors (3072K)
 Metaspace       used 6424K, capacity 6582K, committed 6912K, reserved 1056768K
  class space    used 643K, capacity 674K, committed 768K, reserved 1048576K
}
Event: 38.920 GC heap before
{Heap before GC invocations=27 (full 0):
 garbage-first heap   total 221184K, used 165703K [0x0000000081e00000, 0x0000000081f006c0, 0x0000000100000000)
  region size 1024K, 17 young (17408K), 3 survivors (3072K)
 Metaspace       used 6424K, capacity 6582K, committed 6912K, reserved 1056768K
  class space    used 643K, capacity 674K, committed 768K, reserved 1048576K
}
Event: 39.072 GC heap after
{Heap after GC invocations=28 (full 0):
 garbage-first heap   total 463872K, used 165600K [0x0000000081e00000, 0x0000000081f00e28, 0x0000000100000000)
  region size 1024K, 3 young (3072K), 3 survivors (3072K)
 Metaspace       used 6424K, capacity 6582K, committed 6912K, reserved 1056768K
  class space    used 643K, capacity 674K, committed 768K, reserved 1048576K
}
Event: 39.122 GC heap before
{Heap before GC invocations=29 (full 0):
 garbage-first heap   total 463872K, used 246496K [0x0000000081e00000, 0x0000000081f00e28, 0x0000000100000000)
  region size 1024K, 82 young (83968K), 3 survivors (3072K)
 Metaspace       used 6424K, capacity 6582K, committed 6912K, reserved 1056768K
  class space    used 643K, capacity 674K, committed 768K, reserved 1048576K
}
Event: 39.160 GC heap after
{Heap after GC invocations=30 (full 0):
 garbage-first heap   total 463872K, used 246190K [0x0000000081e00000, 0x0000000081f00e28, 0x0000000100000000)
  region size 1024K, 11 young (11264K), 11 survivors (11264K)
 Metaspace       used 6424K, capacity 6582K, committed 6912K, reserved 1056768K
  class space    used 643K, capacity 674K, committed 768K, reserved 1048576K
}
Event: 39.167 GC heap before
{Heap before GC invocations=30 (full 0):
 garbage-first heap   total 463872K, used 299438K [0x0000000081e00000, 0x0000000081f00e28, 0x0000000100000000)
  region size 1024K, 63 young (64512K), 11 survivors (11264K)
 Metaspace       used 6424K, capacity 6582K, committed 6912K, reserved 1056768K
  class space    used 643K, capacity 674K, committed 768K, reserved 1048576K
}
Event: 39.201 GC heap after
{Heap after GC invocations=31 (full 0):
 garbage-first heap   total 463872K, used 299241K [0x0000000081e00000, 0x0000000081f00e28, 0x0000000100000000)
  region size 1024K, 8 young (8192K), 8 survivors (8192K)
 Metaspace       used 6424K, capacity 6582K, committed 6912K, reserved 1056768K
  class space    used 643K, capacity 674K, committed 768K, reserved 1048576K
}
Event: 39.206 GC heap before
{Heap before GC invocations=31 (full 0):
 garbage-first heap   total 463872K, used 335081K [0x0000000081e00000, 0x0000000081f00e28, 0x0000000100000000)
  region size 1024K, 43 young (44032K), 8 survivors (8192K)
 Metaspace       used 6424K, capacity 6582K, committed 6912K, reserved 1056768K
  class space    used 643K, capacity 674K, committed 768K, reserved 1048576K
}
Event: 39.227 GC heap after
{Heap after GC invocations=32 (full 0):
 garbage-first heap   total 463872K, used 334935K [0x0000000081e00000, 0x0000000081f00e28, 0x0000000100000000)
  region size 1024K, 6 young (6144K), 6 survivors (6144K)
 Metaspace       used 6424K, capacity 6582K, committed 6912K, reserved 1056768K
  class space    used 643K, capacity 674K, committed 768K, reserved 1048576K
}
Event: 39.230 GC heap before
{Heap before GC invocations=32 (full 0):
 garbage-first heap   total 463872K, used 359511K [0x0000000081e00000, 0x0000000081f00e28, 0x0000000100000000)
  region size 1024K, 30 young (30720K), 6 survivors (6144K)
 Metaspace       used 6426K, capacity 6582K, committed 6912K, reserved 1056768K
  class space    used 643K, capacity 674K, committed 768K, reserved 1048576K
}

